android/app/build/intermediates/manifest_merge_blame_file/release/manifest-merger-blame-release-report.txt
1<?xml version="1.0" encoding="utf-8"?>
2<manifest xmlns:android="http://schemas.android.com/apk/res/android"
3    package="com.example.qr_scanner_app"
4    android:versionCode="1"
5    android:versionName="1.0" >
6
7    <uses-sdk
8        android:minSdkVersion="21"
9        android:targetSdkVersion="33" />
10
11    <!-- Разрешения для камеры -->
12    <uses-permission android:name="android.permission.CAMERA" />
12-->src\main\AndroidManifest.xml:4:5-65
12-->src\main\AndroidManifest.xml:4:22-62
13
14    <uses-feature
14-->src\main\AndroidManifest.xml:5:5-85
15        android:name="android.hardware.camera"
15-->src\main\AndroidManifest.xml:5:19-57
16        android:required="false" />
16-->src\main\AndroidManifest.xml:5:58-82
17    <uses-feature
17-->src\main\AndroidManifest.xml:6:5-95
18        android:name="android.hardware.camera.autofocus"
18-->src\main\AndroidManifest.xml:6:19-67
19        android:required="false" />
19-->src\main\AndroidManifest.xml:6:68-92
20
21    <!-- Разрешения для интернета -->
22    <uses-permission android:name="android.permission.INTERNET" />
22-->src\main\AndroidManifest.xml:9:5-67
22-->src\main\AndroidManifest.xml:9:22-64
23    <uses-permission android:name="android.permission.ACCESS_NETWORK_STATE" />
23-->src\main\AndroidManifest.xml:10:5-79
23-->src\main\AndroidManifest.xml:10:22-76
24
25    <!-- Разрешения для хранения файлов -->
26    <uses-permission
26-->src\main\AndroidManifest.xml:13:5-14:38
27        android:name="android.permission.WRITE_EXTERNAL_STORAGE"
27-->src\main\AndroidManifest.xml:13:22-78
28        android:maxSdkVersion="32" />
28-->src\main\AndroidManifest.xml:14:9-35
29    <uses-permission
29-->src\main\AndroidManifest.xml:15:5-16:38
30        android:name="android.permission.READ_EXTERNAL_STORAGE"
30-->src\main\AndroidManifest.xml:15:22-77
31        android:maxSdkVersion="32" />
31-->src\main\AndroidManifest.xml:16:9-35
32
33    <!-- Запрос разрешений для Android 11+ -->
34    <queries>
34-->src\main\AndroidManifest.xml:55:5-61:15
35        <intent>
35-->src\main\AndroidManifest.xml:56:9-60:18
36            <action android:name="android.intent.action.VIEW" />
36-->src\main\AndroidManifest.xml:57:13-65
36-->src\main\AndroidManifest.xml:57:21-62
37
38            <category android:name="android.intent.category.BROWSABLE" />
38-->src\main\AndroidManifest.xml:58:13-74
38-->src\main\AndroidManifest.xml:58:23-71
39
40            <data android:scheme="https" />
40-->src\main\AndroidManifest.xml:59:13-44
40-->src\main\AndroidManifest.xml:59:19-41
41        </intent>
42    </queries>
43
44    <application
44-->src\main\AndroidManifest.xml:18:5-52:19
45        android:appComponentFactory="androidx.core.app.CoreComponentFactory"
45-->[androidx.core:core:1.7.0] AndroidManifest.xml:24:18-86
46        android:extractNativeLibs="true"
47        android:icon="@mipmap/ic_launcher"
47-->src\main\AndroidManifest.xml:20:9-43
48        android:label="QR Scanner"
48-->src\main\AndroidManifest.xml:19:9-35
49        android:usesCleartextTraffic="true" >
49-->src\main\AndroidManifest.xml:21:9-44
50        <activity
50-->src\main\AndroidManifest.xml:23:9-45:20
51            android:name="com.example.qr_scanner_app.MainActivity"
51-->src\main\AndroidManifest.xml:24:13-41
52            android:configChanges="orientation|keyboardHidden|keyboard|screenSize|smallestScreenSize|locale|layoutDirection|fontScale|screenLayout|density|uiMode"
52-->src\main\AndroidManifest.xml:28:13-163
53            android:exported="true"
53-->src\main\AndroidManifest.xml:25:13-36
54            android:hardwareAccelerated="true"
54-->src\main\AndroidManifest.xml:29:13-47
55            android:launchMode="singleTop"
55-->src\main\AndroidManifest.xml:26:13-43
56            android:theme="@style/LaunchTheme"
56-->src\main\AndroidManifest.xml:27:13-47
57            android:windowSoftInputMode="adjustResize" >
57-->src\main\AndroidManifest.xml:30:13-55
58
59            <!--
60                 Specifies an Android theme to apply to this Activity as soon as
61                 the Android process has started. This theme is visible to the user
62                 while the Flutter UI initializes. After that, this theme continues
63                 to determine the Window background behind the Flutter UI.
64            -->
65            <meta-data
65-->src\main\AndroidManifest.xml:36:13-39:19
66                android:name="io.flutter.embedding.android.NormalTheme"
66-->src\main\AndroidManifest.xml:37:17-72
67                android:resource="@style/NormalTheme" />
67-->src\main\AndroidManifest.xml:38:17-54
68
69            <intent-filter>
69-->src\main\AndroidManifest.xml:41:13-44:29
70                <action android:name="android.intent.action.MAIN" />
70-->src\main\AndroidManifest.xml:42:17-68
70-->src\main\AndroidManifest.xml:42:25-66
71
72                <category android:name="android.intent.category.LAUNCHER" />
72-->src\main\AndroidManifest.xml:43:17-76
72-->src\main\AndroidManifest.xml:43:27-74
73            </intent-filter>
74        </activity>
75
76        <!--
77             Don't delete the meta-data below.
78             This is used by the Flutter tool to generate GeneratedPluginRegistrant.java
79        -->
80        <meta-data
80-->src\main\AndroidManifest.xml:49:9-51:33
81            android:name="flutterEmbedding"
81-->src\main\AndroidManifest.xml:50:13-44
82            android:value="2" />
82-->src\main\AndroidManifest.xml:51:13-30
83
84        <provider
84-->[androidx.emoji2:emoji2:1.0.0] AndroidManifest.xml:26:9-34:20
85            android:name="androidx.startup.InitializationProvider"
85-->[androidx.emoji2:emoji2:1.0.0] AndroidManifest.xml:27:13-67
86            android:authorities="com.example.qr_scanner_app.androidx-startup"
86-->[androidx.emoji2:emoji2:1.0.0] AndroidManifest.xml:28:13-68
87            android:exported="false" >
87-->[androidx.emoji2:emoji2:1.0.0] AndroidManifest.xml:29:13-37
88            <meta-data
88-->[androidx.emoji2:emoji2:1.0.0] AndroidManifest.xml:31:13-33:52
89                android:name="androidx.emoji2.text.EmojiCompatInitializer"
89-->[androidx.emoji2:emoji2:1.0.0] AndroidManifest.xml:32:17-75
90                android:value="androidx.startup" />
90-->[androidx.emoji2:emoji2:1.0.0] AndroidManifest.xml:33:17-49
91            <meta-data
91-->[androidx.lifecycle:lifecycle-process:2.4.0] AndroidManifest.xml:31:13-33:52
92                android:name="androidx.lifecycle.ProcessLifecycleInitializer"
92-->[androidx.lifecycle:lifecycle-process:2.4.0] AndroidManifest.xml:32:17-78
93                android:value="androidx.startup" />
93-->[androidx.lifecycle:lifecycle-process:2.4.0] AndroidManifest.xml:33:17-49
94        </provider>
95    </application>
96
97</manifest>